2021/10/16 14:11:52 [error] [exception.ParseError] ParseError: syntax error, unexpected '$this' (T_VARIABLE) in /var/www/html/demo/protected/controllers/SiteController.php:33
Stack trace:
#0 /var/www/html/yii/framework/web/CWebApplication.php(276): CWebApplication->createController()
#1 /var/www/html/yii/framework/web/CWebApplication.php(141): CWebApplication->runController()
#2 /var/www/html/yii/framework/base/CApplication.php(185): CWebApplication->processRequest()
#3 /var/www/html/demo/index.php(13): CApplication->run()
#4 {main}
REQUEST_URI=/demo/index.php
---
2021/10/16 15:05:21 [error] [exception.ParseError] ParseError: syntax error, unexpected '}', expecting ';' or ',' in /var/www/html/demo/protected/views/user/index.php:15
Stack trace:
#0 /var/www/html/yii/framework/web/CBaseController.php(95): CBaseController->renderInternal()
#1 /var/www/html/yii/framework/web/CController.php(872): CBaseController->renderFile()
#2 /var/www/html/yii/framework/web/CController.php(785): CController->renderPartial()
#3 /var/www/html/demo/protected/controllers/UserController.php(9): CController->render()
#4 /var/www/html/yii/framework/web/actions/CInlineAction.php(49): UserController->actionIndex()
#5 /var/www/html/yii/framework/web/CController.php(308): CInlineAction->runWithParams()
#6 /var/www/html/yii/framework/web/CController.php(286): CController->runAction()
#7 /var/www/html/yii/framework/web/CController.php(265): CController->runActionWithFilters()
#8 /var/www/html/yii/framework/web/CWebApplication.php(282): CController->run()
#9 /var/www/html/yii/framework/web/CWebApplication.php(141): CWebApplication->runController()
#10 /var/www/html/yii/framework/base/CApplication.php(185): CWebApplication->processRequest()
#11 /var/www/html/demo/index.php(13): CApplication->run()
#12 {main}
REQUEST_URI=/demo/index.php?r=User/
---
2021/10/16 17:23:06 [error] [exception.ParseError] ParseError: syntax error, unexpected '->' (T_OBJECT_OPERATOR) in /var/www/html/demo/protected/components/UserIdentity.php:22
Stack trace:
#0 [internal function]: YiiBase::autoload()
#1 /var/www/html/demo/protected/models/LoginForm.php(53): spl_autoload_call()
#2 /var/www/html/yii/framework/validators/CInlineValidator.php(42): LoginForm->authenticate()
#3 /var/www/html/yii/framework/validators/CValidator.php(201): CInlineValidator->validateAttribute()
#4 /var/www/html/yii/framework/base/CModel.php(159): CValidator->validate()
#5 /var/www/html/demo/protected/controllers/SiteController.php(91): CModel->validate()
#6 /var/www/html/yii/framework/web/actions/CInlineAction.php(49): SiteController->actionLogin()
#7 /var/www/html/yii/framework/web/CController.php(308): CInlineAction->runWithParams()
#8 /var/www/html/yii/framework/web/CController.php(286): CController->runAction()
#9 /var/www/html/yii/framework/web/CController.php(265): CController->runActionWithFilters()
#10 /var/www/html/yii/framework/web/CWebApplication.php(282): CController->run()
#11 /var/www/html/yii/framework/web/CWebApplication.php(141): CWebApplication->runController()
#12 /var/www/html/yii/framework/base/CApplication.php(185): CWebApplication->processRequest()
#13 /var/www/html/demo/index.php(13): CApplication->run()
#14 {main}
REQUEST_URI=/demo/index.php?r=site/login
HTTP_REFERER=http://localhost/demo/index.php?r=site/login
---
2021/10/16 17:24:06 [error] [system.db.CDbCommand] CDbCommand::fetch() failed: SQLSTATE[42S22]: Column not found: 1054 Unknown column 'admin' in 'where clause'. The SQL statement executed was: SELECT * FROM `users` `t` WHERE username=admin LIMIT 1.
in /var/www/html/demo/protected/components/UserIdentity.php (22)
in /var/www/html/demo/protected/models/LoginForm.php (54)
in /var/www/html/demo/protected/controllers/SiteController.php (91)
2021/10/16 17:24:06 [error] [exception.CDbException] CDbException: CDbCommand failed to execute the SQL statement: SQLSTATE[42S22]: Column not found: 1054 Unknown column 'admin' in 'where clause'. The SQL statement executed was: SELECT * FROM `users` `t` WHERE username=admin LIMIT 1 in /var/www/html/yii/framework/db/CDbCommand.php:543
Stack trace:
#0 /var/www/html/yii/framework/db/CDbCommand.php(415): CDbCommand->queryInternal()
#1 /var/www/html/yii/framework/db/ar/CActiveRecord.php(1359): CDbCommand->queryRow()
#2 /var/www/html/yii/framework/db/ar/CActiveRecord.php(1464): CActiveRecord->query()
#3 /var/www/html/demo/protected/components/UserIdentity.php(22): CActiveRecord->find()
#4 /var/www/html/demo/protected/models/LoginForm.php(54): UserIdentity->authenticate()
#5 /var/www/html/yii/framework/validators/CInlineValidator.php(42): LoginForm->authenticate()
#6 /var/www/html/yii/framework/validators/CValidator.php(201): CInlineValidator->validateAttribute()
#7 /var/www/html/yii/framework/base/CModel.php(159): CValidator->validate()
#8 /var/www/html/demo/protected/controllers/SiteController.php(91): CModel->validate()
#9 /var/www/html/yii/framework/web/actions/CInlineAction.php(49): SiteController->actionLogin()
#10 /var/www/html/yii/framework/web/CController.php(308): CInlineAction->runWithParams()
#11 /var/www/html/yii/framework/web/CController.php(286): CController->runAction()
#12 /var/www/html/yii/framework/web/CController.php(265): CController->runActionWithFilters()
#13 /var/www/html/yii/framework/web/CWebApplication.php(282): CController->run()
#14 /var/www/html/yii/framework/web/CWebApplication.php(141): CWebApplication->runController()
#15 /var/www/html/yii/framework/base/CApplication.php(185): CWebApplication->processRequest()
#16 /var/www/html/demo/index.php(13): CApplication->run()
#17 {main}
REQUEST_URI=/demo/index.php?r=site/login
HTTP_REFERER=http://localhost/demo/index.php?r=site/login
---
2021/10/16 17:28:25 [error] [system.db.CDbCommand] CDbCommand::fetch() failed: SQLSTATE[42S22]: Column not found: 1054 Unknown column 'admin' in 'where clause'. The SQL statement executed was: SELECT * FROM `users` `t` WHERE username=admin LIMIT 1.
in /var/www/html/demo/protected/components/UserIdentity.php (22)
in /var/www/html/demo/protected/models/LoginForm.php (54)
in /var/www/html/demo/protected/controllers/SiteController.php (91)
2021/10/16 17:28:25 [error] [exception.CDbException] CDbException: CDbCommand failed to execute the SQL statement: SQLSTATE[42S22]: Column not found: 1054 Unknown column 'admin' in 'where clause'. The SQL statement executed was: SELECT * FROM `users` `t` WHERE username=admin LIMIT 1 in /var/www/html/yii/framework/db/CDbCommand.php:543
Stack trace:
#0 /var/www/html/yii/framework/db/CDbCommand.php(415): CDbCommand->queryInternal()
#1 /var/www/html/yii/framework/db/ar/CActiveRecord.php(1359): CDbCommand->queryRow()
#2 /var/www/html/yii/framework/db/ar/CActiveRecord.php(1464): CActiveRecord->query()
#3 /var/www/html/demo/protected/components/UserIdentity.php(22): CActiveRecord->find()
#4 /var/www/html/demo/protected/models/LoginForm.php(54): UserIdentity->authenticate()
#5 /var/www/html/yii/framework/validators/CInlineValidator.php(42): LoginForm->authenticate()
#6 /var/www/html/yii/framework/validators/CValidator.php(201): CInlineValidator->validateAttribute()
#7 /var/www/html/yii/framework/base/CModel.php(159): CValidator->validate()
#8 /var/www/html/demo/protected/controllers/SiteController.php(91): CModel->validate()
#9 /var/www/html/yii/framework/web/actions/CInlineAction.php(49): SiteController->actionLogin()
#10 /var/www/html/yii/framework/web/CController.php(308): CInlineAction->runWithParams()
#11 /var/www/html/yii/framework/web/CController.php(286): CController->runAction()
#12 /var/www/html/yii/framework/web/CController.php(265): CController->runActionWithFilters()
#13 /var/www/html/yii/framework/web/CWebApplication.php(282): CController->run()
#14 /var/www/html/yii/framework/web/CWebApplication.php(141): CWebApplication->runController()
#15 /var/www/html/yii/framework/base/CApplication.php(185): CWebApplication->processRequest()
#16 /var/www/html/demo/index.php(13): CApplication->run()
#17 {main}
REQUEST_URI=/demo/index.php?r=site/login
HTTP_REFERER=http://localhost/demo/index.php?r=site/login
---
2021/10/17 14:55:53 [error] [exception.ParseError] ParseError: syntax error, unexpected '}' in /var/www/html/demo/protected/controllers/UsersController.php:85
Stack trace:
#0 /var/www/html/yii/framework/web/CWebApplication.php(276): CWebApplication->createController()
#1 /var/www/html/yii/framework/web/CWebApplication.php(141): CWebApplication->runController()
#2 /var/www/html/yii/framework/base/CApplication.php(185): CWebApplication->processRequest()
#3 /var/www/html/demo/index.php(13): CApplication->run()
#4 {main}
REQUEST_URI=/demo/index.php?r=users/create
HTTP_REFERER=http://localhost/demo/index.php?r=users/create
---
